Copyright 1982-2007, Albert Davis
Gnucap comes with ABSOLUTELY NO WARRANTY
This is free software, and you are welcome
to redistribute it under the terms of 
the GNU General Public License, version 3 or later.
See the file "COPYING" for details.
 -- 3 stage counter 
@@#
@@@:../Gnucap/spice-wrapper.cc:521:operator=
@@#
@@@:../Gnucap/spice-wrapper.cc:521:operator=
@@#
@@@:../Gnucap/spice-wrapper.cc:521:operator=
@@#
@@@:../Gnucap/spice-wrapper.cc:521:operator=
@@#
@@@:../Gnucap/spice-wrapper.cc:521:operator=
@@#
@@@:../Gnucap/spice-wrapper.cc:521:operator=
@@#
@@@:../Gnucap/spice-wrapper.cc:521:operator=
@@#
@@@:../Gnucap/spice-wrapper.cc:521:operator=
@@#
@@@:../Gnucap/spice-wrapper.cc:521:operator=
@@#
@@@:../Gnucap/spice-wrapper.cc:521:operator=
@@#
@@@:../Gnucap/spice-wrapper.cc:521:operator=
@@#
@@@:../Gnucap/spice-wrapper.cc:521:operator=
@@#
@@@:../Gnucap/spice-wrapper.cc:521:operator=
@@#
@@@:../Gnucap/spice-wrapper.cc:521:operator=
@@#
@@@:../Gnucap/spice-wrapper.cc:521:operator=
@@#
@@@:../Gnucap/spice-wrapper.cc:521:operator=
@@#
@@@:../Gnucap/spice-wrapper.cc:521:operator=
@@#
@@@:../Gnucap/spice-wrapper.cc:521:operator=
@@#
@@@:../Gnucap/spice-wrapper.cc:521:operator=
@@#
@@@:../Gnucap/spice-wrapper.cc:521:operator=
@@#
@@@:../Gnucap/spice-wrapper.cc:521:operator=
@@#
@@@:../Gnucap/spice-wrapper.cc:521:operator=
@@#
@@@:../Gnucap/spice-wrapper.cc:521:operator=
@@#
@@@:../Gnucap/spice-wrapper.cc:521:operator=
#Time       v(1)       v(10)      v(100)     v(101)     v(11)      v(12)      v(13)      v(14)      v(15)      v(16)      v(17)      v(18)      v(19)      v(2)       v(20)      v(200)     v(201)     v(3)       v(300)     v(301)     v(4)       v(400)     v(401)     v(5)       v(6)       v(7)       v(8)       v(9)      
@@#
@@@:../e_cardlist.cc:280:tr_needs_eval
@@#
@@@:../e_cardlist.cc:280:tr_needs_eval
@@#
@@@:../e_cardlist.cc:280:tr_needs_eval
@@#
@@@:../e_cardlist.cc:280:tr_needs_eval
@@#
@@@:../e_cardlist.cc:280:tr_needs_eval
@@#
@@@:../e_cardlist.cc:280:tr_needs_eval
@@#
@@@:../e_cardlist.cc:280:tr_needs_eval
@@#
@@@:../e_cardlist.cc:280:tr_needs_eval
@@#
@@@:../s_tr_swp.cc:74:sweep
@@#
@@@:../s_tr_swp.cc:74:sweep
@@#
@@@:../s_tr_swp.cc:74:sweep
@@#
@@@:../s_tr_swp.cc:74:sweep
@@#
@@@:../s_tr_swp.cc:74:sweep
@@#
@@@:../s_tr_swp.cc:74:sweep
@@#
@@@:../s_tr_swp.cc:74:sweep
@@#
@@@:../s_tr_swp.cc:74:sweep
 0.         0.         0.         0.         0.         0.         0.         0.         0.         0.         0.         0.         0.         0.         0.         0.         0.         0.         0.         0.         0.         0.         0.         0.         0.         0.         0.         0.         0.        
@@#
@@@incomplete:../Gnucap/spice-wrapper.cc:1789:NIsum
@@#
@@@incomplete:../Gnucap/spice-wrapper.cc:1789:NIsum
@@#
@@@incomplete:../Gnucap/spice-wrapper.cc:1789:NIsum
@@#
@@@incomplete:../Gnucap/spice-wrapper.cc:1789:NIsum
@@#
@@@incomplete:../Gnucap/spice-wrapper.cc:1789:NIsum
@@#
@@@incomplete:../Gnucap/spice-wrapper.cc:1789:NIsum
@@#
@@@incomplete:../Gnucap/spice-wrapper.cc:1789:NIsum
@@#
@@@incomplete:../Gnucap/spice-wrapper.cc:1789:NIsum
@@#
@@@:../main.cc:76:sig_abrt

