Copyright 1982-2007, Albert Davis
Gnucap comes with ABSOLUTELY NO WARRANTY
This is free software, and you are welcome
to redistribute it under the terms of 
the GNU General Public License, version 3 or later.
See the file "COPYING" for details.
* MESA1 - Gate Leakage Test 
#          
-3.        
-2.95      
-2.9       
-2.85      
-2.8       
-2.75      
-2.7       
-2.65      
-2.6       
-2.55      
-2.5       
-2.45      
-2.4       
-2.35      
-2.3       
-2.25      
-2.2       
-2.15      
-2.1       
-2.05      
-2.        
-1.95      
-1.9       
-1.85      
-1.8       
-1.75      
-1.7       
-1.65      
-1.6       
-1.55      
-1.5       
-1.45      
-1.4       
-1.35      
-1.3       
-1.25      
-1.2       
-1.15      
-1.1       
-1.05      
-1.        
-0.95      
-0.9       
-0.85      
-0.8       
-0.75      
-0.7       
-0.65      
-0.6       
-0.55      
-0.5       
-0.45      
-0.4       
-0.35      
-0.3       
-0.25      
-0.2       
-0.15      
-0.1       
-0.05      
 0.        
 0.05      
 0.1       
 0.15      
 0.2       
 0.25      
 0.3       
 0.35      
 0.4       
.print vig#branch 
       ^ ? what's this?
