Copyright 1982-2007, Albert Davis
Gnucap comes with ABSOLUTELY NO WARRANTY
This is free software, and you are welcome
to redistribute it under the terms of 
the GNU General Public License, version 3 or later.
See the file "COPYING" for details.
@@#
@@@:../ap_construct.cc:244:getlines
* DCFL GaAs MESFET Gate * Taken from macspice3f4 
#           v(2)       i(vin)    
 0.         2.9952     1.2011n   
 0.2        2.8913     0.        
 0.4        2.695      0.        
 0.6        2.5323     0.        
 0.8        2.3867     0.        
 1.         2.2547     0.        
 1.2        2.1337     0.        
 1.4        2.0213     0.        
 1.6        1.9148     0.        
 1.8        1.8107     0.        
 2.         1.7025     0.        
 2.2        1.5581     0.        
 2.4        1.5        0.        
 2.6        1.5        0.        
 2.8        1.5        0.        
 3.         1.5        0.        
