Copyright 1982-2007, Albert Davis
Gnucap comes with ABSOLUTELY NO WARRANTY
This is free software, and you are welcome
to redistribute it under the terms of 
the GNU General Public License, version 3 or later.
See the file "COPYING" for details.
Q: already installed, replacing
stashing as Q:0
npn: already installed, replacing
stashing as npn:0
pnp: already installed, replacing
stashing as pnp:0
schmitt ckt - ecl compatible schmitt trigger 
qstd: bad parameter: ccs, ignoring
qstd: bad parameter: ccs, ignoring
qstd: bad parameter: ccs, ignoring
qstd: bad parameter: ccs, ignoring
#           v(1)       v(2)       v(3)       v(4)       v(5)       v(6)       v(7)       v(8)       iter(0)   
 27.       -1.6       -1.6       -0.25963   -2.0674    -1.2203    -0.73725   -1.5548    -5.         24.       
#Time       v(1)       v(3)       v(5)       v(6)      
 0.        -1.6       -0.25963   -1.2203    -0.73725   
 20.n      -1.59      -0.2596    -1.2202    -0.73725   
 40.n      -1.57      -0.25964   -1.2203    -0.73725   
 60.n      -1.55      -0.2596    -1.2202    -0.73725   
 80.n      -1.53      -0.25964   -1.2203    -0.73725   
 100.n     -1.51      -0.25961   -1.2202    -0.73725   
 120.n     -1.49      -0.25966   -1.2203    -0.73725   
 140.n     -1.47      -0.25965   -1.2203    -0.73724   
 160.n     -1.45      -0.25974   -1.2204    -0.73724   
 180.n     -1.43      -0.25984   -1.2204    -0.73722   
 200.n     -1.41      -0.26016   -1.2207    -0.73718   
 220.n     -1.39      -0.26074   -1.2211    -0.7371    
 240.n     -1.37      -0.2622    -1.2221    -0.7369    
 260.n     -1.35      -0.26555   -1.2245    -0.73643   
 280.n     -1.33      -0.27579   -1.2317    -0.73495   
 300.n     -1.31      -0.43902   -1.3245    -0.67796   
 320.n     -1.29      -0.6918    -1.5346    -0.045598  
 340.n     -1.27      -0.69253   -1.5362    -0.042891  
 360.n     -1.25      -0.69336   -1.5368    -0.042971  
 380.n     -1.23      -0.69394   -1.5364    -0.044946  
 400.n     -1.21      -0.69488   -1.538     -0.042999  
 420.n     -1.2       -0.6953    -1.5384    -0.043104  
 440.n     -1.2       -0.695     -1.5374    -0.044768  
 460.n     -1.2       -0.69532   -1.5384    -0.043155  
 480.n     -1.2       -0.69499   -1.5375    -0.044719  
 500.n     -1.2       -0.69533   -1.5383    -0.043202  
 520.n     -1.21      -0.69502   -1.5381    -0.043287  
 540.n     -1.23      -0.69385   -1.5367    -0.044605  
 560.n     -1.25      -0.69353   -1.5369    -0.043353  
 580.n     -1.27      -0.69228   -1.5355    -0.044636  
 600.n     -1.29      -0.69195   -1.5356    -0.043526  
 620.n     -1.31      -0.69058   -1.5342    -0.044925  
 640.n     -1.33      -0.69021   -1.5341    -0.044223  
 660.n     -1.35      -0.68863   -1.5328    -0.046453  
 680.n     -1.37      -0.68804   -1.5325    -0.047469  
 700.n     -1.39      -0.68573   -1.5308    -0.053973  
 720.n     -1.41      -0.68393   -1.5297    -0.063255  
 740.n     -1.43      -0.67751   -1.5259    -0.092026  
 760.n     -1.45      -0.66162   -1.5159    -0.16159   
 780.n     -1.47      -0.24948   -1.1708    -0.74294   
 800.n     -1.49      -0.26004   -1.214     -0.73922   
 820.n     -1.51      -0.25783   -1.2197    -0.73673   
 840.n     -1.53      -0.26163   -1.2217    -0.73749   
 860.n     -1.55      -0.26166   -1.2219    -0.73738   
 880.n     -1.57      -0.25764   -1.2186    -0.73716   
 900.n     -1.59      -0.26167   -1.222     -0.73733   
 920.n     -1.6       -0.26164   -1.2221    -0.73725   
 940.n     -1.6       -0.25762   -1.2185    -0.73728   
 960.n     -1.6       -0.26165   -1.2221    -0.73721   
 980.n     -1.6       -0.25762   -1.2184    -0.73731   
 1.u       -1.6       -0.26165   -1.2221    -0.73718   
v(3)  -2.               -1.5             -1.               -0.5              0.
v(5)  -2.               -1.5             -1.               -0.5              0.
        +-----------------+----------------+-----------------+----------------+
 0.     |                 .        +       .                 .       *        |
 20.n   |                 .        +       .                 .       *        |
 40.n   |                 .        +       .                 .       *        |
 60.n   |                 .        +       .                 .       *        |
 80.n   |                 .        +       .                 .       *        |
 100.n  |                 .        +       .                 .       *        |
 120.n  |                 .        +       .                 .       *        |
 140.n  |                 .        +       .                 .       *        |
 160.n  |                 .        +       .                 .       *        |
 180.n  |                 .        +       .                 .       *        |
 200.n  |                 .        +       .                 .       *        |
 220.n  |                 .        +       .                 .       *        |
 240.n  |                 .        +       .                 .       *        |
 260.n  |                 .        +       .                 .       *        |
 280.n  |                 .        +       .                 .      *         |
 300.n  |                 .     +          .                 . *              |
 320.n  |               + .                .          *      .                |
 340.n  |               + .                .          *      .                |
 360.n  |               + .                .          *      .                |
 380.n  |               + .                .          *      .                |
 400.n  |               + .                .          *      .                |
 420.n  |               + .                .          *      .                |
 440.n  |               + .                .          *      .                |
 460.n  |               + .                .          *      .                |
 480.n  |               + .                .          *      .                |
 500.n  |               + .                .          *      .                |
 520.n  |               + .                .          *      .                |
 540.n  |               + .                .          *      .                |
 560.n  |               + .                .          *      .                |
 580.n  |               + .                .          *      .                |
 600.n  |               + .                .          *      .                |
 620.n  |               + .                .          *      .                |
 640.n  |               + .                .          *      .                |
 660.n  |               + .                .          *      .                |
 680.n  |               + .                .          *      .                |
 700.n  |               + .                .          *      .                |
 720.n  |               + .                .          *      .                |
 740.n  |                +.                .          *      .                |
 760.n  |                +.                .           *     .                |
 780.n  |                 .          +     .                 .       *        |
 800.n  |                 .         +      .                 .       *        |
 820.n  |                 .        +       .                 .       *        |
 840.n  |                 .        +       .                 .       *        |
 860.n  |                 .        +       .                 .       *        |
 880.n  |                 .        +       .                 .       *        |
 900.n  |                 .        +       .                 .       *        |
 920.n  |                 .        +       .                 .       *        |
 940.n  |                 .        +       .                 .       *        |
 960.n  |                 .        +       .                 .       *        |
 980.n  |                 .        +       .                 .       *        |
 1.u    |                 .        +       .                 .       *        |
        +-----------------+----------------+-----------------+----------------+
v(6)  -2.               -1.5             -1.               -0.5              0.
v(1)  -2.               -1.5             -1.               -0.5              0.
        +-----------------+----------------+-----------------+----------------+
 0.     |             +   .                .        *        .                |
 20.n   |             +   .                .        *        .                |
 40.n   |              +  .                .        *        .                |
 60.n   |               + .                .        *        .                |
 80.n   |               + .                .        *        .                |
 100.n  |                +.                .        *        .                |
 120.n  |                 +                .        *        .                |
 140.n  |                 .+               .        *        .                |
 160.n  |                 .+               .        *        .                |
 180.n  |                 . +              .        *        .                |
 200.n  |                 .  +             .        *        .                |
 220.n  |                 .  +             .        *        .                |
 240.n  |                 .   +            .        *        .                |
 260.n  |                 .    +           .        *        .                |
 280.n  |                 .    +           .        *        .                |
 300.n  |                 .     +          .          *      .                |
 320.n  |                 .      +         .                 .              * |
 340.n  |                 .       +        .                 .              * |
 360.n  |                 .       +        .                 .              * |
 380.n  |                 .        +       .                 .              * |
 400.n  |                 .         +      .                 .              * |
 420.n  |                 .         +      .                 .              * |
 440.n  |                 .         +      .                 .              * |
 460.n  |                 .         +      .                 .              * |
 480.n  |                 .         +      .                 .              * |
 500.n  |                 .         +      .                 .              * |
 520.n  |                 .         +      .                 .              * |
 540.n  |                 .        +       .                 .              * |
 560.n  |                 .       +        .                 .              * |
 580.n  |                 .       +        .                 .              * |
 600.n  |                 .      +         .                 .              * |
 620.n  |                 .     +          .                 .              * |
 640.n  |                 .    +           .                 .              * |
 660.n  |                 .    +           .                 .              * |
 680.n  |                 .   +            .                 .              * |
 700.n  |                 .  +             .                 .              * |
 720.n  |                 .  +             .                 .              * |
 740.n  |                 . +              .                 .             *  |
 760.n  |                 .+               .                 .          *     |
 780.n  |                 .+               .        *        .                |
 800.n  |                 +                .        *        .                |
 820.n  |                +.                .        *        .                |
 840.n  |               + .                .        *        .                |
 860.n  |               + .                .        *        .                |
 880.n  |              +  .                .        *        .                |
 900.n  |             +   .                .        *        .                |
 920.n  |             +   .                .        *        .                |
 940.n  |             +   .                .        *        .                |
 960.n  |             +   .                .        *        .                |
 980.n  |             +   .                .        *        .                |
 1.u    |             +   .                .        *        .                |
        +-----------------+----------------+-----------------+----------------+
Gnucap   System status
iterations: op=24, dc=0, tran=603, fourier=0, total=2100
transient timesteps: accepted=267, rejected=21, total=288
nodes: user=8, subckt=0, model=8, total=16
dctran density=49.2%, ac density=49.2%
