Copyright 1982-2007, Albert Davis
Gnucap comes with ABSOLUTELY NO WARRANTY
This is free software, and you are welcome
to redistribute it under the terms of 
the GNU General Public License, version 3 or later.
See the file "COPYING" for details.
Q: already installed, replacing
stashing as Q:0
npn: already installed, replacing
stashing as npn:0
pnp: already installed, replacing
stashing as pnp:0
difpair ckt - simple differential pair 
v(4)  -4.                0.               4.                8.              12.
v(5)  -4.                0.               4.                8.              12.
        +-----------------+----------------+-----------------+----------------+
-0.2    |             *   .                .                 .                |
-0.19   |             *   .                .                 .                |
-0.18   |             *   .                .                 .                |
-0.17   |             *   .                .                 .                |
-0.16   |             *   .                .                 .                |
-0.15   |             *   .                .                 .                |
-0.14   |             *   .                .                 .                |
-0.13   |             *   .                .                 .                |
-0.12   |             *   .                .                 .                |
-0.11   |             *   .                .                 .                |
-0.1    |             *   .                .                 .                |
-0.09   |             *   .                .                 .                |
-0.08   |             *   .                .                 .                |
-0.07   |             *   .                .                 .                |
-0.06   |             *   .                .                 .                |
-0.05   |             *   .                .                 .                |
-0.04   |             *   .                .                 .                |
-0.03   |             *   .                .                 .                |
-0.02   |             *   .                .                 .                |
-0.01   |             *   .                .                 .                |
 0.     |             *   .                .                 .                |
 0.01   |             *   .                .                 .                |
 0.02   |             *   .                .                 .                |
 0.03   |             *   .                .                 .                |
 0.04   |             *   .                .                 .                |
 0.05   |             *   .                .                 .                |
 0.06   |             *   .                .                 .                |
 0.07   |             *   .                .                 .                |
 0.08   |             *   .                .                 .                |
 0.09   |             *   .                .                 .                |
 0.1    |             *   .                .                 .                |
 0.11   |             *   .                .                 .                |
 0.12   |             *   .                .                 .                |
 0.13   |             *   .                .                 .                |
 0.14   |             *   .                .                 .                |
 0.15   |             *   .                .                 .                |
 0.16   |             *   .                .                 .                |
 0.17   |             *   .                .                 .                |
 0.18   |             *   .                .                 .                |
 0.19   |             *   .                .                 .                |
 0.2    |             *   .                .                 .                |
        +-----------------+----------------+-----------------+----------------+
#Time       qbe(q1)    qbe(q2)    qbe(q3)    qbe(q4)    qbe(qnl)  
 0.         87.388p    45.908p    38.317n    38.316n    ??        
 10.n       46.117p    45.918p    38.317n    38.316n    ??        
 20.n       46.621p    45.918p    38.317n    38.316n    ??        
 30.n       47.298p    45.918p    38.317n    38.316n    ??        
 40.n       48.071p    45.918p    38.317n    38.316n    ??        
 50.n       48.855p    45.918p    38.317n    38.316n    ??        
 60.n       49.564p    45.918p    38.317n    38.316n    ??        
 70.n       50.12p     45.918p    38.317n    38.316n    ??        
 80.n       50.461p    45.918p    38.317n    38.316n    ??        
 90.n       50.545p    45.918p    38.317n    38.316n    ??        
 100.n      50.356p    45.918p    38.317n    38.316n    ??        
 110.n      49.905p    45.917p    38.317n    38.316n    ??        
 120.n      49.229p    45.917p    38.317n    38.316n    ??        
 130.n      48.389p    45.917p    38.317n    38.316n    ??        
 140.n      47.458p    45.917p    38.317n    38.316n    ??        
 150.n      46.523p    45.917p    38.317n    38.316n    ??        
 160.n      45.669p    45.917p    38.317n    38.316n    ??        
 170.n      44.974p    45.918p    38.317n    38.316n    ??        
 180.n      44.5p      45.918p    38.317n    38.316n    ??        
 190.n      44.289p    45.918p    38.317n    38.316n    ??        
 200.n      44.355p    45.918p    38.317n    38.316n    ??        
 210.n      44.688p    45.918p    38.317n    38.316n    ??        
 220.n      45.251p    45.918p    38.317n    38.316n    ??        
 230.n      45.984p    45.918p    38.317n    38.316n    ??        
 240.n      46.81p     45.918p    38.317n    38.316n    ??        
 250.n      47.646p    45.918p    38.317n    38.316n    ??        
 260.n      48.404p    45.918p    38.317n    38.316n    ??        
 270.n      49.008p    45.918p    38.317n    38.316n    ??        
 280.n      49.394p    45.918p    38.317n    38.316n    ??        
 290.n      49.522p    45.917p    38.317n    38.316n    ??        
 300.n      49.374p    45.917p    38.317n    38.316n    ??        
#Time       cpi(q1)    cpi(q2)    cpi(q3)    cpi(q4)    cpi(qnl)  
 0.         1.909n     1.7753n    1.4815u    1.4814u    ??        
 10.n       1.783n     1.7753n    1.4815u    1.4814u    ??        
 20.n       1.8025n    1.7753n    1.4815u    1.4814u    ??        
 30.n       1.8287n    1.7753n    1.4815u    1.4814u    ??        
 40.n       1.8586n    1.7753n    1.4815u    1.4814u    ??        
 50.n       1.8889n    1.7753n    1.4815u    1.4814u    ??        
 60.n       1.9163n    1.7753n    1.4815u    1.4814u    ??        
 70.n       1.9378n    1.7753n    1.4815u    1.4814u    ??        
 80.n       1.951n     1.7753n    1.4815u    1.4814u    ??        
 90.n       1.9542n    1.7753n    1.4815u    1.4814u    ??        
 100.n      1.9469n    1.7753n    1.4815u    1.4814u    ??        
 110.n      1.9295n    1.7753n    1.4815u    1.4814u    ??        
 120.n      1.9034n    1.7753n    1.4815u    1.4814u    ??        
 130.n      1.8709n    1.7753n    1.4815u    1.4814u    ??        
 140.n      1.8349n    1.7753n    1.4815u    1.4814u    ??        
 150.n      1.7988n    1.7753n    1.4815u    1.4814u    ??        
 160.n      1.7657n    1.7753n    1.4815u    1.4814u    ??        
 170.n      1.7389n    1.7753n    1.4815u    1.4814u    ??        
 180.n      1.7205n    1.7753n    1.4815u    1.4814u    ??        
 190.n      1.7124n    1.7753n    1.4815u    1.4814u    ??        
 200.n      1.7149n    1.7753n    1.4815u    1.4814u    ??        
 210.n      1.7278n    1.7753n    1.4815u    1.4814u    ??        
 220.n      1.7496n    1.7753n    1.4815u    1.4814u    ??        
 230.n      1.7779n    1.7753n    1.4815u    1.4814u    ??        
 240.n      1.8098n    1.7753n    1.4815u    1.4814u    ??        
 250.n      1.8422n    1.7753n    1.4815u    1.4814u    ??        
 260.n      1.8715n    1.7753n    1.4815u    1.4814u    ??        
 270.n      1.8948n    1.7753n    1.4815u    1.4814u    ??        
 280.n      1.9098n    1.7753n    1.4815u    1.4814u    ??        
 290.n      1.9147n    1.7753n    1.4815u    1.4814u    ??        
 300.n      1.909n     1.7753n    1.4815u    1.4814u    ??        
#Time       vbe(q1)    vbe(q2)    vbe(q3)    vbe(q4)    vbe(qnl)  
 0.         0.83768    0.83768    1.0066     1.0066     ??        
 10.n       0.83779    0.83768    1.0066     1.0066     ??        
 20.n       0.83807    0.83768    1.0066     1.0066     ??        
 30.n       0.83844    0.83768    1.0066     1.0066     ??        
 40.n       0.83886    0.83768    1.0066     1.0066     ??        
 50.n       0.83928    0.83768    1.0066     1.0066     ??        
 60.n       0.83965    0.83768    1.0066     1.0066     ??        
 70.n       0.83994    0.83768    1.0066     1.0066     ??        
 80.n       0.84012    0.83768    1.0066     1.0066     ??        
 90.n       0.84016    0.83768    1.0066     1.0066     ??        
 100.n      0.84006    0.83768    1.0066     1.0066     ??        
 110.n      0.83983    0.83768    1.0066     1.0066     ??        
 120.n      0.83948    0.83768    1.0066     1.0066     ??        
 130.n      0.83903    0.83768    1.0066     1.0066     ??        
 140.n      0.83853    0.83768    1.0066     1.0066     ??        
 150.n      0.83801    0.83768    1.0066     1.0066     ??        
 160.n      0.83754    0.83768    1.0066     1.0066     ??        
 170.n      0.83714    0.83768    1.0066     1.0066     ??        
 180.n      0.83686    0.83768    1.0066     1.0066     ??        
 190.n      0.83674    0.83768    1.0066     1.0066     ??        
 200.n      0.83678    0.83768    1.0066     1.0066     ??        
 210.n      0.83697    0.83768    1.0066     1.0066     ??        
 220.n      0.8373     0.83768    1.0066     1.0066     ??        
 230.n      0.83771    0.83768    1.0066     1.0066     ??        
 240.n      0.83817    0.83768    1.0066     1.0066     ??        
 250.n      0.83863    0.83768    1.0066     1.0066     ??        
 260.n      0.83904    0.83768    1.0066     1.0066     ??        
 270.n      0.83936    0.83768    1.0066     1.0066     ??        
 280.n      0.83957    0.83768    1.0066     1.0066     ??        
 290.n      0.83963    0.83768    1.0066     1.0066     ??        
 300.n      0.83955    0.83768    1.0066     1.0066     ??        
v(5)   2.                4.               6.                8.              10.
        +-----------------+----------------+-----------------+----------------+
 0.     *                 .                .                 .                |
 10.n   *                 .                .                 .                |
 20.n   *                 .                .                 .                |
 30.n   *                 .                .                 .                |
 40.n   *                 .                .                 .                |
 50.n   *                 .                .                 .                |
 60.n   *                 .                .                 .                |
 70.n   *                 .                .                 .                |
 80.n   *                 .                .                 .                |
 90.n   *                 .                .                 .                |
 100.n  *                 .                .                 .                |
 110.n  *                 .                .                 .                |
 120.n  *                 .                .                 .                |
 130.n  *                 .                .                 .                |
 140.n  *                 .                .                 .                |
 150.n  *                 .                .                 .                |
 160.n  *                 .                .                 .                |
 170.n  *                 .                .                 .                |
 180.n  *                 .                .                 .                |
 190.n  *                 .                .                 .                |
 200.n  *                 .                .                 .                |
 210.n  *                 .                .                 .                |
 220.n  *                 .                .                 .                |
 230.n  *                 .                .                 .                |
 240.n  *                 .                .                 .                |
 250.n  *                 .                .                 .                |
 260.n  *                 .                .                 .                |
 270.n  *                 .                .                 .                |
 280.n  *                 .                .                 .                |
 290.n  *                 .                .                 .                |
 300.n  *                 .                .                 .                |
        +-----------------+----------------+-----------------+----------------+
#           cpi(q1)    cpi(q2)    cpi(q3)    cpi(q4)    cpi(qnl)  
 27.        1.7753n    1.7753n    1.4815u    1.4814u    ??        
#Freq       vm(5)      vp(5)     
 10.K       0.018898   0.023246  
 15.849K    0.018907   0.036831  
 25.119K    0.018927   0.058329  
 39.811K    0.018979   0.092271  
 63.096K    0.019109   0.14555   
 100.K      0.019431   0.22802   
 158.49K    0.020217   0.3515    
 251.19K    0.022068   0.52337   
 398.11K    0.026144   0.73189   
 630.96K    0.034297   0.93781   
 1.Meg      0.049077   1.0971    
 1.5849Meg  0.073964   1.1883    
 2.5119Meg  0.11383    1.2082    
 3.9811Meg  0.17477    1.156     
 6.3096Meg  0.26111    1.027     
 10.Meg     0.36574    0.82048   
 15.849Meg  0.45898    0.56027   
 25.119Meg  0.50449    0.3037    
 39.811Meg  0.49829    0.10989   
 63.096Meg  0.46801    0.0037441 
 100.Meg    0.44058   -0.031648  
 158.49Meg  0.42453   -0.032643  
 251.19Meg  0.41694   -0.024436  
 398.11Meg  0.41369   -0.016464  
 630.96Meg  0.41236   -0.01066   
 1.G        0.41182   -0.006795  
vm(5)  0.                25.              50.               75.            100.
vp(5) -2.               -1.               0.                1.               2.
        +-----------------+----------------+-----------------+----------------+
 10.K   *                 .                +                 .                |
 15.849K*                 .                .+                .                |
 25.119K*                 .                .+                .                |
 39.811K*                 .                . +               .                |
 63.096K*                 .                .  +              .                |
 100.K  *                 .                .   +             .                |
 158.49K*                 .                .     +           .                |
 251.19K*                 .                .        +        .                |
 398.11K*                 .                .            +    .                |
 630.96K*                 .                .               + .                |
 1.Meg  *                 .                .                 .+               |
 1.5849M*                 .                .                 .  +             |
 2.5119M*                 .                .                 .  +             |
 3.9811M*                 .                .                 . +              |
 6.3096M*                 .                .                 +                |
 10.Meg *                 .                .             +   .                |
 15.849M*                 .                .         +       .                |
 25.119M*                 .                .    +            .                |
 39.811M*                 .                . +               .                |
 63.096M*                 .                +                 .                |
 100.Meg*                 .               +.                 .                |
 158.49M*                 .               +.                 .                |
 251.19M*                 .                +                 .                |
 398.11M*                 .                +                 .                |
 630.96M*                 .                +                 .                |
 1.G    *                 .                +                 .                |
        +-----------------+----------------+-----------------+----------------+
Gnucap   System status
iterations: op=16, dc=220, tran=200, fourier=0, total=1236
transient timesteps: accepted=148, rejected=0, total=148
nodes: user=10, subckt=0, model=4, total=14
dctran density=58.2%, ac density=58.2%
