Copyright 1982-2007, Albert Davis
Gnucap comes with ABSOLUTELY NO WARRANTY
This is free software, and you are welcome
to redistribute it under the terms of 
the GNU General Public License, version 3 or later.
See the file "COPYING" for details.
Q: already installed, replacing
stashing as Q:0
npn: already installed, replacing
stashing as npn:0
pnp: already installed, replacing
stashing as pnp:0
difpair ckt - simple differential pair 
qnl: bad parameter: ccs, ignoring
qnl: bad parameter: ccs, ignoring
qnl: bad parameter: ccs, ignoring
qnl: bad parameter: ccs, ignoring
#           v(1)       v(2)       v(3)       v(4)       v(5)       v(6)      
+ v(7)       v(8)       v(9)      
 27.       -1.578n    -0.1578    -0.1578    -0.8342    -0.8342    -1.0113    
+-1.0118     12.       -12.       
v(4)   0.                2.               4.                6.               8.
v(5)   0.                2.               4.                6.               8.
        +-----------------+----------------+-----------------+----------------+
 0.     *                 .                .                 .                |
 10.n   *                 .                .                 .                |
 20.n   *                 .                .                 .                |
 30.n   *                 .                .                 .                |
 40.n   *                 .                .                 .                |
 50.n   *                 .                .                 .                |
 60.n   *                 .                .                 .                |
 70.n   *                 .                .                 .                |
 80.n   *                 .                .                 .                |
 90.n   *                 .                .                 .                |
 100.n  *                 .                .                 .                |
 110.n  *                 .                .                 .                |
 120.n  *                 .                .                 .                |
 130.n  *                 .                .                 .                |
 140.n  *                 .                .                 .                |
 150.n  *                 .                .                 .                |
 160.n  *                 .                .                 .                |
 170.n  *                 .                .                 .                |
 180.n  *                 .                .                 .                |
 190.n  *                 .                .                 .                |
 200.n  *                 .                .                 .                |
 210.n  *                 .                .                 .                |
 220.n  *                 .                .                 .                |
 230.n  *                 .                .                 .                |
 240.n  *                 .                .                 .                |
 250.n  *                 .                .                 .                |
 260.n  *                 .                .                 .                |
 270.n  *                 .                .                 .                |
 280.n  *                 .                .                 .                |
 290.n  *                 .                .                 .                |
 300.n  *                 .                .                 .                |
 310.n  *                 .                .                 .                |
 320.n  *                 .                .                 .                |
 330.n  *                 .                .                 .                |
 340.n  *                 .                .                 .                |
 350.n  *                 .                .                 .                |
 360.n  *                 .                .                 .                |
 370.n  *                 .                .                 .                |
 380.n  *                 .                .                 .                |
 390.n  *                 .                .                 .                |
 400.n  *                 .                .                 .                |
 410.n  *                 .                .                 .                |
 420.n  *                 .                .                 .                |
 430.n  *                 .                .                 .                |
 440.n  *                 .                .                 .                |
 450.n  *                 .                .                 .                |
 460.n  *                 .                .                 .                |
 470.n  *                 .                .                 .                |
 480.n  *                 .                .                 .                |
 490.n  *                 .                .                 .                |
 500.n  *                 .                .                 .                |
        +-----------------+----------------+-----------------+----------------+
#Time       qcs(q1)    qcs(q2)    qcs(q3)    qcs(q4)    qcs(qnl)  
 0.         ??         ??         ??         ??         ??        
 10.n       ??         ??         ??         ??         ??        
 20.n       ??         ??         ??         ??         ??        
 30.n       ??         ??         ??         ??         ??        
 40.n       ??         ??         ??         ??         ??        
 50.n       ??         ??         ??         ??         ??        
 60.n       ??         ??         ??         ??         ??        
 70.n       ??         ??         ??         ??         ??        
 80.n       ??         ??         ??         ??         ??        
 90.n       ??         ??         ??         ??         ??        
 100.n      ??         ??         ??         ??         ??        
 110.n      ??         ??         ??         ??         ??        
 120.n      ??         ??         ??         ??         ??        
 130.n      ??         ??         ??         ??         ??        
 140.n      ??         ??         ??         ??         ??        
 150.n      ??         ??         ??         ??         ??        
 160.n      ??         ??         ??         ??         ??        
 170.n      ??         ??         ??         ??         ??        
 180.n      ??         ??         ??         ??         ??        
 190.n      ??         ??         ??         ??         ??        
 200.n      ??         ??         ??         ??         ??        
 210.n      ??         ??         ??         ??         ??        
 220.n      ??         ??         ??         ??         ??        
 230.n      ??         ??         ??         ??         ??        
 240.n      ??         ??         ??         ??         ??        
 250.n      ??         ??         ??         ??         ??        
 260.n      ??         ??         ??         ??         ??        
 270.n      ??         ??         ??         ??         ??        
 280.n      ??         ??         ??         ??         ??        
 290.n      ??         ??         ??         ??         ??        
 300.n      ??         ??         ??         ??         ??        
#Time       ccs(q1)    ccs(q2)    ccs(q3)    ccs(q4)    ccs(qnl)  
 0.         ??         ??         ??         ??         ??        
 10.n       ??         ??         ??         ??         ??        
 20.n       ??         ??         ??         ??         ??        
 30.n       ??         ??         ??         ??         ??        
 40.n       ??         ??         ??         ??         ??        
 50.n       ??         ??         ??         ??         ??        
 60.n       ??         ??         ??         ??         ??        
 70.n       ??         ??         ??         ??         ??        
 80.n       ??         ??         ??         ??         ??        
 90.n       ??         ??         ??         ??         ??        
 100.n      ??         ??         ??         ??         ??        
 110.n      ??         ??         ??         ??         ??        
 120.n      ??         ??         ??         ??         ??        
 130.n      ??         ??         ??         ??         ??        
 140.n      ??         ??         ??         ??         ??        
 150.n      ??         ??         ??         ??         ??        
 160.n      ??         ??         ??         ??         ??        
 170.n      ??         ??         ??         ??         ??        
 180.n      ??         ??         ??         ??         ??        
 190.n      ??         ??         ??         ??         ??        
 200.n      ??         ??         ??         ??         ??        
 210.n      ??         ??         ??         ??         ??        
 220.n      ??         ??         ??         ??         ??        
 230.n      ??         ??         ??         ??         ??        
 240.n      ??         ??         ??         ??         ??        
 250.n      ??         ??         ??         ??         ??        
 260.n      ??         ??         ??         ??         ??        
 270.n      ??         ??         ??         ??         ??        
 280.n      ??         ??         ??         ??         ??        
 290.n      ??         ??         ??         ??         ??        
 300.n      ??         ??         ??         ??         ??        
#Time       vcs(q1)    vcs(q2)    vcs(q3)    vcs(q4)    vcs(qnl)  
 0.         ??         ??         ??         ??         ??        
 10.n       ??         ??         ??         ??         ??        
 20.n       ??         ??         ??         ??         ??        
 30.n       ??         ??         ??         ??         ??        
 40.n       ??         ??         ??         ??         ??        
 50.n       ??         ??         ??         ??         ??        
 60.n       ??         ??         ??         ??         ??        
 70.n       ??         ??         ??         ??         ??        
 80.n       ??         ??         ??         ??         ??        
 90.n       ??         ??         ??         ??         ??        
 100.n      ??         ??         ??         ??         ??        
 110.n      ??         ??         ??         ??         ??        
 120.n      ??         ??         ??         ??         ??        
 130.n      ??         ??         ??         ??         ??        
 140.n      ??         ??         ??         ??         ??        
 150.n      ??         ??         ??         ??         ??        
 160.n      ??         ??         ??         ??         ??        
 170.n      ??         ??         ??         ??         ??        
 180.n      ??         ??         ??         ??         ??        
 190.n      ??         ??         ??         ??         ??        
 200.n      ??         ??         ??         ??         ??        
 210.n      ??         ??         ??         ??         ??        
 220.n      ??         ??         ??         ??         ??        
 230.n      ??         ??         ??         ??         ??        
 240.n      ??         ??         ??         ??         ??        
 250.n      ??         ??         ??         ??         ??        
 260.n      ??         ??         ??         ??         ??        
 270.n      ??         ??         ??         ??         ??        
 280.n      ??         ??         ??         ??         ??        
 290.n      ??         ??         ??         ??         ??        
 300.n      ??         ??         ??         ??         ??        
